<?xml version="1.0" encoding="UTF-8"?>
<!-- Generated by org.testng.reporters.JUnitReportReporter -->
<testsuite hostname="vivobook-asuslaptop-x512flc-x512fl" failures="0" tests="4" name="Sanitytesting.ColabdataportalUI.Datatesting" time="89.674" errors="0" timestamp="2023-11-07T15:55:22 IST" skipped="0">
  <testcase classname="Sanitytesting.ColabdataportalUI.Datatesting" name="login" time="15.687"/>
  <system-out/>
  <testcase classname="Sanitytesting.ColabdataportalUI.Datatesting" name="seriesset_API" time="1.986"/>
  <system-out/>
  <testcase classname="Sanitytesting.ColabdataportalUI.Datatesting" name="goatBrain" time="26.774"/>
  <system-out/>
  <testcase classname="Sanitytesting.ColabdataportalUI.Datatesting" name="mouseBrain" time="45.227"/>
  <system-out/>
</testsuite> <!-- Sanitytesting.ColabdataportalUI.Datatesting -->
