<?xml version="1.0" encoding="UTF-8"?>
<!-- Generated by org.testng.reporters.JUnitReportReporter -->
<testsuite hostname="vivobook-asuslaptop-x512flc-x512fl" failures="0" tests="4" name="Sanitytesting.ColabdataportalUI.Datatesting" time="83.870" errors="0" timestamp="2023-11-07T15:33:20 IST" skipped="0">
  <testcase classname="Sanitytesting.ColabdataportalUI.Datatesting" name="login" time="8.111"/>
  <system-out/>
  <testcase classname="Sanitytesting.ColabdataportalUI.Datatesting" name="seriesset_API" time="1.750"/>
  <system-out/>
  <testcase classname="Sanitytesting.ColabdataportalUI.Datatesting" name="goatBrain" time="28.757"/>
  <system-out/>
  <testcase classname="Sanitytesting.ColabdataportalUI.Datatesting" name="mouseBrain" time="45.252"/>
  <system-out/>
</testsuite> <!-- Sanitytesting.ColabdataportalUI.Datatesting -->
